 
 1          OPTIONS NONOTES NOSTIMER NOSOURCE NOSYNTAXCHECK;
 68         
 69         data scores_only
 70         (keep =  file &factorvars ) ;
 71         set scores ;
 72         run;
 
 WARNING: Not all variables in the list fac1-fac6 were found.
 NOTE: There were 1843 observations read from the data set WORK.SCORES.
 NOTE: The data set WORK.SCORES_ONLY has 1843 observations and 5 variables.
 NOTE: DATA statement used (Total process time):
       real time           0.00 seconds
       user cpu time       0.00 seconds
       system cpu time     0.00 seconds
       memory              2941.68k
       OS Memory           30128.00k
       Timestamp           21/11/2024 01:55:42 AM
       Step Count                        370  Switch Count  3
       Page Faults                       0
       Page Reclaims                     293
       Page Swaps                        0
       Voluntary Context Switches        17
       Involuntary Context Switches      0
       Block Input Operations            0
       Block Output Operations           264
       
 
 73         
 74         OPTIONS NONOTES NOSTIMER NOSOURCE NOSYNTAXCHECK;
 84         